<?xml version="1.0" encoding="UTF-8"?>
<!-- Generated by org.testng.reporters.JUnitReportReporter -->
<testsuite skipped="0" hostname="ip-172-31-1-207" name="test3.Testcase1" tests="1" failures="0" timestamp="2021-02-24T07:04:56 UTC" time="5.448" errors="0">
  <testcase name="LoginTest" time="5.448" classname="test3.Testcase1"/>
  <system-out/>
</testsuite> <!-- test3.Testcase1 -->
